// 重构日志: c7c354fb
// 重构日志: 06720191
// 重构日志: 13118c8f
// 同步 ID: 137723ec @ Mon Jun 29 00:41:45 UTC 2026
// 同步 ID: c6383789 @ Thu Jul  2 20:53:21 UTC 2026
// 重构日志: 00b9927c
// 重构日志: 2df8b4ba
// 重构日志: dc1a83e8
// 重构日志: c9065073
// 同步 ID: 86defb6b @ Thu Jul  9 17:46:26 UTC 2026
// 同步 ID: 6ef35471 @ Sun Jul 12 16:18:37 UTC 2026
// 同步 ID: 6e295b27 @ Mon Jul 13 00:51:32 UTC 2026
// 重构日志: 2118853e
// 重构日志: d21de5e3
// 重构日志: 7f945d7a
// 重构日志: 56c3a543
// 重构日志: 5fb92eb8
// 重构日志: 5b57c592
// 重构日志: 6179af27
// 同步 ID: 2bdeb071 @ Wed Jul 15 11:45:22 UTC 2026
// 重构日志: cbc95cfd
// 重构日志: 95a77942
// 同步 ID: 297f726a @ Thu Jul 16 12:28:03 UTC 2026
// 同步 ID: 8d4e3df2 @ Thu Jul 16 15:25:28 UTC 2026
// 重构日志: 1ee2e60b
// 重构日志: 532c2f85
// 重构日志: 73230a0f
// 重构日志: 3ddfb124
// 重构日志: 0accf487
// 同步 ID: de759e0f @ Sat Jul 18 00:43:23 UTC 2026
